14:50:11.267 [ATL-Logging-Thread] INFO  - Organising filesystem

14:50:11.289 [ATL-Logging-Thread] INFO  - ATLauncher Version: 3.4.38.2 [b6f3b1ac61b9be9f3d4573d01dc291077f7ad130]

14:50:11.294 [ATL-Logging-Thread] INFO  - App Arguments: ["--working-dir","**USERSDIR**","--no-launcher-update"]

14:50:11.299 [ATL-Logging-Thread] INFO  - JVM Arguments: []

14:50:11.302 [ATL-Logging-Thread] INFO  - Java Version: Java 21 (21.0.7)

14:50:11.307 [ATL-Logging-Thread] INFO  - Java Path: /nix/store/b9b5lmg5nlpgadpwz79y5b3cgqxh012j-openjdk-21.0.7+6/lib/openjdk

14:50:11.309 [ATL-Logging-Thread] INFO  - 64 Bit Java: true

14:50:11.311 [ATL-Logging-Thread] INFO  - RAM Available: 23972MB

14:50:11.315 [ATL-Logging-Thread] INFO  - Launcher Directory: **USERSDIR**

14:50:11.337 [ATL-Logging-Thread] INFO  - GPU: unknown (unknown) unknown 0MB VRAM

14:50:11.418 [ATL-Logging-Thread] INFO  - CPU: Intel(R) Core(TM) i7-4770K CPU @ 3.50GHz 4 cores/8 threads

14:50:11.419 [ATL-Logging-Thread] INFO  - Operating System: NixOS (25.05 (Warbler) build 6.12.43)

14:50:11.420 [ATL-Logging-Thread] INFO  - Bitness: 64

14:50:11.420 [ATL-Logging-Thread] INFO  - Uptime: 252

14:50:11.421 [ATL-Logging-Thread] INFO  - Manufacturer: GNU/Linux

14:50:11.421 [ATL-Logging-Thread] INFO  - Showing splash screen and loading everything

14:50:11.421 [ATL-Logging-Thread] INFO  - Checking for updated files!

14:50:14.471 [ATL-Logging-Thread] INFO  - Finished downloading updated files!

14:50:17.457 [ATL-Logging-Thread] INFO  - Launcher finished loading everything

14:50:17.459 [ATL-Logging-Thread] WARN  - Launcher not setup. Loading Setup Dialog

14:50:17.695 [ATL-Logging-Thread] ERROR - Error on GraphQL query

14:50:17.696 [ATL-Logging-Thread] ERROR - com.apollographql.apollo.exception.ApolloHttpException: HTTP 403 Forbidden

14:50:17.697 [ATL-Logging-Thread] ERROR - 	at com.apollographql.apollo.internal.interceptor.ApolloParseInterceptor.parse(ApolloParseInterceptor.java:108)

14:50:17.701 [ATL-Logging-Thread] ERROR - 	at com.apollographql.apollo.internal.interceptor.ApolloParseInterceptor$1.onResponse(ApolloParseInterceptor.java:53)

14:50:17.702 [ATL-Logging-Thread] ERROR - 	at com.apollographql.apollo.internal.interceptor.ApolloServerInterceptor$executeHttpCall$1.onResponse(ApolloServerInterceptor.kt:114)

14:50:17.703 [ATL-Logging-Thread] ERROR - 	at okhttp3.internal.connection.RealCall$AsyncCall.run(RealCall.kt:519)

14:50:17.708 [ATL-Logging-Thread] ERROR - 	at java.base/java.util.concurrent.ThreadPoolExecutor.runWorker(ThreadPoolExecutor.java:1144)

14:50:17.711 [ATL-Logging-Thread] ERROR - 	at java.base/java.util.concurrent.ThreadPoolExecutor$Worker.run(ThreadPoolExecutor.java:642)

14:50:17.712 [ATL-Logging-Thread] ERROR - 	at java.base/java.lang.Thread.run(Thread.java:1583)

14:50:17.715 [ATL-Logging-Thread] ERROR - com.apollographql.apollo.exception.ApolloHttpException: HTTP 403 Forbidden
	at com.apollographql.apollo.internal.interceptor.ApolloParseInterceptor.parse(ApolloParseInterceptor.java:108)
	at com.apollographql.apollo.internal.interceptor.ApolloParseInterceptor$1.onResponse(ApolloParseInterceptor.java:53)
	at com.apollographql.apollo.internal.interceptor.ApolloServerInterceptor$executeHttpCall$1.onResponse(ApolloServerInterceptor.kt:114)
	at okhttp3.internal.connection.RealCall$AsyncCall.run(RealCall.kt:519)
	at java.base/java.util.concurrent.ThreadPoolExecutor.runWorker(ThreadPoolExecutor.java:1144)
	at java.base/java.util.concurrent.ThreadPoolExecutor$Worker.run(ThreadPoolExecutor.java:642)
	at java.base/java.lang.Thread.run(Thread.java:1583)

14:50:20.133 [ATL-Logging-Thread] INFO  - Launcher opening

14:50:20.134 [ATL-Logging-Thread] INFO  - Made By Bob*

14:50:20.134 [ATL-Logging-Thread] INFO  - *(Not Actually)

14:50:20.138 [ATL-Logging-Thread] INFO  - Setting up Bottom Bar

14:50:20.180 [ATL-Logging-Thread] INFO  - Finished Setting up Bottom Bar

14:50:20.181 [ATL-Logging-Thread] INFO  - Setting up Tabs

14:50:20.567 [ATL-Logging-Thread] INFO  - Finished Setting up Tabs

14:50:20.579 [ATL-Logging-Thread] INFO  - Showing Launcher

14:50:36.928 [ATL-Logging-Thread] ERROR - Error fetching loading versions

14:50:36.929 [ATL-Logging-Thread] ERROR - com.apollographql.apollo.exception.ApolloHttpException: HTTP 403 Forbidden

14:50:36.929 [ATL-Logging-Thread] ERROR - 	at com.apollographql.apollo.internal.interceptor.ApolloParseInterceptor.parse(ApolloParseInterceptor.java:108)

14:50:36.929 [ATL-Logging-Thread] ERROR - 	at com.apollographql.apollo.internal.interceptor.ApolloParseInterceptor$1.onResponse(ApolloParseInterceptor.java:53)

14:50:36.931 [ATL-Logging-Thread] ERROR - 	at com.apollographql.apollo.internal.interceptor.ApolloServerInterceptor$executeHttpCall$1.onResponse(ApolloServerInterceptor.kt:114)

14:50:36.933 [ATL-Logging-Thread] ERROR - 	at okhttp3.internal.connection.RealCall$AsyncCall.run(RealCall.kt:519)

14:50:36.934 [ATL-Logging-Thread] ERROR - 	at java.base/java.util.concurrent.ThreadPoolExecutor.runWorker(ThreadPoolExecutor.java:1144)

14:50:36.934 [ATL-Logging-Thread] ERROR - 	at java.base/java.util.concurrent.ThreadPoolExecutor$Worker.run(ThreadPoolExecutor.java:642)

14:50:36.935 [ATL-Logging-Thread] ERROR - 	at java.base/java.lang.Thread.run(Thread.java:1583)

14:50:36.937 [ATL-Logging-Thread] ERROR - com.apollographql.apollo.exception.ApolloHttpException: HTTP 403 Forbidden
	at com.apollographql.apollo.internal.interceptor.ApolloParseInterceptor.parse(ApolloParseInterceptor.java:108)
	at com.apollographql.apollo.internal.interceptor.ApolloParseInterceptor$1.onResponse(ApolloParseInterceptor.java:53)
	at com.apollographql.apollo.internal.interceptor.ApolloServerInterceptor$executeHttpCall$1.onResponse(ApolloServerInterceptor.kt:114)
	at okhttp3.internal.connection.RealCall$AsyncCall.run(RealCall.kt:519)
	at java.base/java.util.concurrent.ThreadPoolExecutor.runWorker(ThreadPoolExecutor.java:1144)
	at java.base/java.util.concurrent.ThreadPoolExecutor$Worker.run(ThreadPoolExecutor.java:642)
	at java.base/java.lang.Thread.run(Thread.java:1583)

14:52:18.756 [ATL-Logging-Thread] INFO  - Added Microsoft Account Avanonym

14:52:18.764 [ATL-Logging-Thread] INFO  - Changed account to Avanonym

14:52:18.786 [ATL-Logging-Thread] INFO  - Downloading skin for Avanonym

14:52:23.758 [ATL-Logging-Thread] ERROR - Error on GraphQL query

14:52:23.758 [ATL-Logging-Thread] ERROR - com.apollographql.apollo.exception.ApolloHttpException: HTTP 403 Forbidden

14:52:23.760 [ATL-Logging-Thread] ERROR - 	at com.apollographql.apollo.internal.interceptor.ApolloParseInterceptor.parse(ApolloParseInterceptor.java:108)

14:52:23.761 [ATL-Logging-Thread] ERROR - 	at com.apollographql.apollo.internal.interceptor.ApolloParseInterceptor$1.onResponse(ApolloParseInterceptor.java:53)

14:52:23.762 [ATL-Logging-Thread] ERROR - 	at com.apollographql.apollo.internal.interceptor.ApolloServerInterceptor$executeHttpCall$1.onResponse(ApolloServerInterceptor.kt:114)

14:52:23.764 [ATL-Logging-Thread] ERROR - 	at okhttp3.internal.connection.RealCall$AsyncCall.run(RealCall.kt:519)

14:52:23.765 [ATL-Logging-Thread] ERROR - 	at java.base/java.util.concurrent.ThreadPoolExecutor.runWorker(ThreadPoolExecutor.java:1144)

14:52:23.766 [ATL-Logging-Thread] ERROR - 	at java.base/java.util.concurrent.ThreadPoolExecutor$Worker.run(ThreadPoolExecutor.java:642)

14:52:23.767 [ATL-Logging-Thread] ERROR - 	at java.base/java.lang.Thread.run(Thread.java:1583)

14:52:23.768 [ATL-Logging-Thread] ERROR - com.apollographql.apollo.exception.ApolloHttpException: HTTP 403 Forbidden
	at com.apollographql.apollo.internal.interceptor.ApolloParseInterceptor.parse(ApolloParseInterceptor.java:108)
	at com.apollographql.apollo.internal.interceptor.ApolloParseInterceptor$1.onResponse(ApolloParseInterceptor.java:53)
	at com.apollographql.apollo.internal.interceptor.ApolloServerInterceptor$executeHttpCall$1.onResponse(ApolloServerInterceptor.kt:114)
	at okhttp3.internal.connection.RealCall$AsyncCall.run(RealCall.kt:519)
	at java.base/java.util.concurrent.ThreadPoolExecutor.runWorker(ThreadPoolExecutor.java:1144)
	at java.base/java.util.concurrent.ThreadPoolExecutor$Worker.run(ThreadPoolExecutor.java:642)
	at java.base/java.lang.Thread.run(Thread.java:1583)

14:52:30.796 [ATL-Logging-Thread] INFO  - Started install of Minecraft version 1.21.10

14:54:08.737 [ATL-Logging-Thread] INFO  - Preparing for launch!

14:54:09.727 [ATL-Logging-Thread] INFO  - Launching pack Minecraft 1.21.10 (Vanilla) for Minecraft 1.21.10

14:54:09.728 [ATL-Logging-Thread] INFO  - Logging into Minecraft!

14:54:09.741 [ATL-Logging-Thread] INFO  - Using Java runtime java-runtime-delta (Java 21.0.7) at path **USERSDIR**/runtimes/minecraft/java-runtime-delta/linux/java-runtime-delta

14:54:09.779 [ATL-Logging-Thread] WARN  - Cannot get Java version from the output of "**USERSDIR**/runtimes/minecraft/java-runtime-delta/linux/java-runtime-delta -version"

14:54:09.783 [ATL-Logging-Thread] INFO  - Launching Minecraft with the following arguments (user related stuff has been removed): [gamemoderun, USERSDIR/runtimes/minecraft/java-runtime-delta/linux/java-runtime-delta/bin/java, -Xmx4096M, -XX:MetaspaceSize=256M, -Duser.language=en, -Duser.country=US, -Dlog4j.configurationFile=USERSDIR/assets/log_configs/client-1.21.2.xml, -XX:+UnlockExperimentalVMOptions, -XX:+UseG1GC, -XX:G1NewSizePercent=20, -XX:G1ReservePercent=20, -XX:MaxGCPauseMillis=50, -XX:G1HeapRegionSize=32M, -Xss1M, -Djava.library.path=USERSDIR/temp/natives-163dcb1719134cda906bedf00b35e5f5, -Djna.tmpdir=USERSDIR/temp/natives-163dcb1719134cda906bedf00b35e5f5, -Dorg.lwjgl.system.SharedLibraryExtractPath=USERSDIR/temp/natives-163dcb1719134cda906bedf00b35e5f5, -Dio.netty.native.workdir=USERSDIR/temp/natives-163dcb1719134cda906bedf00b35e5f5, -Dminecraft.launcher.brand=ATLauncher, -Dminecraft.launcher.version=3.4.38.2, -cp, USERSDIR/libraries/com/fasterxml/jackson/core/jackson-annotations/2.13.4/jackson-annotations-2.13.4.jar:USERSDIR/libraries/com/fasterxml/jackson/core/jackson-core/2.13.4/jackson-core-2.13.4.jar:USERSDIR/libraries/com/fasterxml/jackson/core/jackson-databind/2.13.4.2/jackson-databind-2.13.4.2.jar:USERSDIR/libraries/com/github/oshi/oshi-core/6.6.5/oshi-core-6.6.5.jar:USERSDIR/libraries/com/github/stephenc/jcip/jcip-annotations/1.0-1/jcip-annotations-1.0-1.jar:USERSDIR/libraries/com/google/code/gson/gson/2.11.0/gson-2.11.0.jar:USERSDIR/libraries/com/google/guava/failureaccess/1.0.2/failureaccess-1.0.2.jar:USERSDIR/libraries/com/google/guava/guava/33.3.1-jre/guava-33.3.1-jre.jar:USERSDIR/libraries/com/ibm/icu/icu4j/76.1/icu4j-76.1.jar:USERSDIR/libraries/com/microsoft/azure/msal4j/1.17.2/msal4j-1.17.2.jar:USERSDIR/libraries/com/mojang/authlib/7.0.61/authlib-7.0.61.jar:USERSDIR/libraries/com/mojang/blocklist/1.0.10/blocklist-1.0.10.jar:USERSDIR/libraries/com/mojang/brigadier/1.3.10/brigadier-1.3.10.jar:USERSDIR/libraries/com/mojang/datafixerupper/8.0.16/datafixerupper-8.0.16.jar:USERSDIR/libraries/com/mojang/jtracy/1.0.36/jtracy-1.0.36.jar:USERSDIR/libraries/com/mojang/jtracy/1.0.36/jtracy-1.0.36-natives-linux.jar:USERSDIR/libraries/com/mojang/logging/1.5.10/logging-1.5.10.jar:USERSDIR/libraries/com/mojang/patchy/2.2.10/patchy-2.2.10.jar:USERSDIR/libraries/com/mojang/text2speech/1.18.11/text2speech-1.18.11.jar:USERSDIR/libraries/com/nimbusds/content-type/2.3/content-type-2.3.jar:USERSDIR/libraries/com/nimbusds/lang-tag/1.7/lang-tag-1.7.jar:USERSDIR/libraries/com/nimbusds/nimbus-jose-jwt/9.40/nimbus-jose-jwt-9.40.jar:USERSDIR/libraries/com/nimbusds/oauth2-oidc-sdk/11.18/oauth2-oidc-sdk-11.18.jar:USERSDIR/libraries/commons-codec/commons-codec/1.17.1/commons-codec-1.17.1.jar:USERSDIR/libraries/commons-io/commons-io/2.17.0/commons-io-2.17.0.jar:USERSDIR/libraries/commons-logging/commons-logging/1.3.4/commons-logging-1.3.4.jar:USERSDIR/libraries/io/netty/netty-buffer/4.1.118.Final/netty-buffer-4.1.118.Final.jar:USERSDIR/libraries/io/netty/netty-codec-http/4.1.118.Final/netty-codec-http-4.1.118.Final.jar:USERSDIR/libraries/io/netty/netty-codec/4.1.118.Final/netty-codec-4.1.118.Final.jar:USERSDIR/libraries/io/netty/netty-common/4.1.118.Final/netty-common-4.1.118.Final.jar:USERSDIR/libraries/io/netty/netty-handler/4.1.118.Final/netty-handler-4.1.118.Final.jar:USERSDIR/libraries/io/netty/netty-resolver/4.1.118.Final/netty-resolver-4.1.118.Final.jar:USERSDIR/libraries/io/netty/netty-transport-classes-epoll/4.1.118.Final/netty-transport-classes-epoll-4.1.118.Final.jar:USERSDIR/libraries/io/netty/netty-transport-native-epoll/4.1.118.Final/netty-transport-native-epoll-4.1.118.Final-linux-aarch_64.jar:USERSDIR/libraries/io/netty/netty-transport-native-epoll/4.1.118.Final/netty-transport-native-epoll-4.1.118.Final-linux-x86_64.jar:USERSDIR/libraries/io/netty/netty-transport-native-unix-common/4.1.118.Final/netty-transport-native-unix-common-4.1.118.Final.jar:USERSDIR/libraries/io/netty/netty-transport/4.1.118.Final/netty-transport-4.1.118.Final.jar:USERSDIR/libraries/it/unimi/dsi/fastutil/8.5.15/fastutil-8.5.15.jar:USERSDIR/libraries/net/java/dev/jna/jna-platform/5.15.0/jna-platform-5.15.0.jar:USERSDIR/libraries/net/java/dev/jna/jna/5.15.0/jna-5.15.0.jar:USERSDIR/libraries/net/minidev/accessors-smart/2.5.1/accessors-smart-2.5.1.jar:USERSDIR/libraries/net/minidev/json-smart/2.5.1/json-smart-2.5.1.jar:USERSDIR/libraries/net/sf/jopt-simple/jopt-simple/5.0.4/jopt-simple-5.0.4.jar:USERSDIR/libraries/org/apache/commons/commons-compress/1.27.1/commons-compress-1.27.1.jar:USERSDIR/libraries/org/apache/commons/commons-lang3/3.17.0/commons-lang3-3.17.0.jar:USERSDIR/libraries/org/apache/httpcomponents/httpclient/4.5.14/httpclient-4.5.14.jar:USERSDIR/libraries/org/apache/httpcomponents/httpcore/4.4.16/httpcore-4.4.16.jar:USERSDIR/libraries/org/apache/logging/log4j/log4j-api/2.24.1/log4j-api-2.24.1.jar:USERSDIR/libraries/org/apache/logging/log4j/log4j-core/2.24.1/log4j-core-2.24.1.jar:USERSDIR/libraries/org/apache/logging/log4j/log4j-slf4j2-impl/2.24.1/log4j-slf4j2-impl-2.24.1.jar:USERSDIR/libraries/org/jcraft/jorbis/0.0.17/jorbis-0.0.17.jar:USERSDIR/libraries/org/joml/joml/1.10.8/joml-1.10.8.jar:USERSDIR/libraries/org/lwjgl/lwjgl-freetype/3.3.3/lwjgl-freetype-3.3.3.jar:USERSDIR/libraries/org/lwjgl/lwjgl-freetype/3.3.3/lwjgl-freetype-3.3.3-natives-linux.jar:USERSDIR/libraries/org/lwjgl/lwjgl-glfw/3.3.3/lwjgl-glfw-3.3.3.jar:USERSDIR/libraries/org/lwjgl/lwjgl-glfw/3.3.3/lwjgl-glfw-3.3.3-natives-linux.jar:USERSDIR/libraries/org/lwjgl/lwjgl-jemalloc/3.3.3/lwjgl-jemalloc-3.3.3.jar:USERSDIR/libraries/org/lwjgl/lwjgl-jemalloc/3.3.3/lwjgl-jemalloc-3.3.3-natives-linux.jar:USERSDIR/libraries/org/lwjgl/lwjgl-openal/3.3.3/lwjgl-openal-3.3.3.jar:USERSDIR/libraries/org/lwjgl/lwjgl-openal/3.3.3/lwjgl-openal-3.3.3-natives-linux.jar:USERSDIR/libraries/org/lwjgl/lwjgl-opengl/3.3.3/lwjgl-opengl-3.3.3.jar:USERSDIR/libraries/org/lwjgl/lwjgl-opengl/3.3.3/lwjgl-opengl-3.3.3-natives-linux.jar:USERSDIR/libraries/org/lwjgl/lwjgl-stb/3.3.3/lwjgl-stb-3.3.3.jar:USERSDIR/libraries/org/lwjgl/lwjgl-stb/3.3.3/lwjgl-stb-3.3.3-natives-linux.jar:USERSDIR/libraries/org/lwjgl/lwjgl-tinyfd/3.3.3/lwjgl-tinyfd-3.3.3.jar:USERSDIR/libraries/org/lwjgl/lwjgl-tinyfd/3.3.3/lwjgl-tinyfd-3.3.3-natives-linux.jar:USERSDIR/libraries/org/lwjgl/lwjgl/3.3.3/lwjgl-3.3.3.jar:USERSDIR/libraries/org/lwjgl/lwjgl/3.3.3/lwjgl-3.3.3-natives-linux.jar:USERSDIR/libraries/org/lz4/lz4-java/1.8.0/lz4-java-1.8.0.jar:USERSDIR/libraries/org/ow2/asm/asm/9.6/asm-9.6.jar:USERSDIR/libraries/org/slf4j/slf4j-api/2.0.16/slf4j-api-2.0.16.jar:USERSDIR/libraries/net/minecraft/client/1.21.10/client-1.21.10.jar, net.minecraft.client.main.Main, --username, REDACTED, --version, 1.21.10, --gameDir, USERSDIR/instances/Minecraft12110, --assetsDir, USERSDIR/assets, --assetIndex, 27, --uuid, REDACTED, --accessToken, REDACTED, --versionType, release, --width=854, --height=480]

14:54:10.016 [ATL-Logging-Thread] ERROR - Oh no. Minecraft crashed. Please check the logs for any errors and provide these logs when asking for support.

14:54:10.025 [ATL-Logging-Thread] INFO  - Checking for updated files!

14:55:07.629 [ATL-Logging-Thread] INFO  - Preparing for launch!

14:55:08.529 [ATL-Logging-Thread] INFO  - Launching pack Minecraft 1.21.10 (Vanilla) for Minecraft 1.21.10

14:55:08.530 [ATL-Logging-Thread] INFO  - Logging into Minecraft!

14:55:08.538 [ATL-Logging-Thread] INFO  - Using Java runtime java-runtime-delta (Java 21.0.7) at path **USERSDIR**/runtimes/minecraft/java-runtime-delta/linux/java-runtime-delta

14:55:08.560 [ATL-Logging-Thread] WARN  - Cannot get Java version from the output of "**USERSDIR**/runtimes/minecraft/java-runtime-delta/linux/java-runtime-delta -version"

14:55:08.561 [ATL-Logging-Thread] INFO  - Launching Minecraft with the following arguments (user related stuff has been removed): [gamemoderun, USERSDIR/runtimes/minecraft/java-runtime-delta/linux/java-runtime-delta/bin/java, -Xmx4096M, -XX:MetaspaceSize=256M, -Duser.language=en, -Duser.country=US, -Dlog4j.configurationFile=USERSDIR/assets/log_configs/client-1.21.2.xml, -XX:+UnlockExperimentalVMOptions, -XX:+UseG1GC, -XX:G1NewSizePercent=20, -XX:G1ReservePercent=20, -XX:MaxGCPauseMillis=50, -XX:G1HeapRegionSize=32M, -Xss1M, -Djava.library.path=USERSDIR/temp/natives-8266eab55c934184b389e9dd44cfe00d, -Djna.tmpdir=USERSDIR/temp/natives-8266eab55c934184b389e9dd44cfe00d, -Dorg.lwjgl.system.SharedLibraryExtractPath=USERSDIR/temp/natives-8266eab55c934184b389e9dd44cfe00d, -Dio.netty.native.workdir=USERSDIR/temp/natives-8266eab55c934184b389e9dd44cfe00d, -Dminecraft.launcher.brand=ATLauncher, -Dminecraft.launcher.version=3.4.38.2, -cp, USERSDIR/libraries/com/fasterxml/jackson/core/jackson-annotations/2.13.4/jackson-annotations-2.13.4.jar:USERSDIR/libraries/com/fasterxml/jackson/core/jackson-core/2.13.4/jackson-core-2.13.4.jar:USERSDIR/libraries/com/fasterxml/jackson/core/jackson-databind/2.13.4.2/jackson-databind-2.13.4.2.jar:USERSDIR/libraries/com/github/oshi/oshi-core/6.6.5/oshi-core-6.6.5.jar:USERSDIR/libraries/com/github/stephenc/jcip/jcip-annotations/1.0-1/jcip-annotations-1.0-1.jar:USERSDIR/libraries/com/google/code/gson/gson/2.11.0/gson-2.11.0.jar:USERSDIR/libraries/com/google/guava/failureaccess/1.0.2/failureaccess-1.0.2.jar:USERSDIR/libraries/com/google/guava/guava/33.3.1-jre/guava-33.3.1-jre.jar:USERSDIR/libraries/com/ibm/icu/icu4j/76.1/icu4j-76.1.jar:USERSDIR/libraries/com/microsoft/azure/msal4j/1.17.2/msal4j-1.17.2.jar:USERSDIR/libraries/com/mojang/authlib/7.0.61/authlib-7.0.61.jar:USERSDIR/libraries/com/mojang/blocklist/1.0.10/blocklist-1.0.10.jar:USERSDIR/libraries/com/mojang/brigadier/1.3.10/brigadier-1.3.10.jar:USERSDIR/libraries/com/mojang/datafixerupper/8.0.16/datafixerupper-8.0.16.jar:USERSDIR/libraries/com/mojang/jtracy/1.0.36/jtracy-1.0.36.jar:USERSDIR/libraries/com/mojang/jtracy/1.0.36/jtracy-1.0.36-natives-linux.jar:USERSDIR/libraries/com/mojang/logging/1.5.10/logging-1.5.10.jar:USERSDIR/libraries/com/mojang/patchy/2.2.10/patchy-2.2.10.jar:USERSDIR/libraries/com/mojang/text2speech/1.18.11/text2speech-1.18.11.jar:USERSDIR/libraries/com/nimbusds/content-type/2.3/content-type-2.3.jar:USERSDIR/libraries/com/nimbusds/lang-tag/1.7/lang-tag-1.7.jar:USERSDIR/libraries/com/nimbusds/nimbus-jose-jwt/9.40/nimbus-jose-jwt-9.40.jar:USERSDIR/libraries/com/nimbusds/oauth2-oidc-sdk/11.18/oauth2-oidc-sdk-11.18.jar:USERSDIR/libraries/commons-codec/commons-codec/1.17.1/commons-codec-1.17.1.jar:USERSDIR/libraries/commons-io/commons-io/2.17.0/commons-io-2.17.0.jar:USERSDIR/libraries/commons-logging/commons-logging/1.3.4/commons-logging-1.3.4.jar:USERSDIR/libraries/io/netty/netty-buffer/4.1.118.Final/netty-buffer-4.1.118.Final.jar:USERSDIR/libraries/io/netty/netty-codec-http/4.1.118.Final/netty-codec-http-4.1.118.Final.jar:USERSDIR/libraries/io/netty/netty-codec/4.1.118.Final/netty-codec-4.1.118.Final.jar:USERSDIR/libraries/io/netty/netty-common/4.1.118.Final/netty-common-4.1.118.Final.jar:USERSDIR/libraries/io/netty/netty-handler/4.1.118.Final/netty-handler-4.1.118.Final.jar:USERSDIR/libraries/io/netty/netty-resolver/4.1.118.Final/netty-resolver-4.1.118.Final.jar:USERSDIR/libraries/io/netty/netty-transport-classes-epoll/4.1.118.Final/netty-transport-classes-epoll-4.1.118.Final.jar:USERSDIR/libraries/io/netty/netty-transport-native-epoll/4.1.118.Final/netty-transport-native-epoll-4.1.118.Final-linux-aarch_64.jar:USERSDIR/libraries/io/netty/netty-transport-native-epoll/4.1.118.Final/netty-transport-native-epoll-4.1.118.Final-linux-x86_64.jar:USERSDIR/libraries/io/netty/netty-transport-native-unix-common/4.1.118.Final/netty-transport-native-unix-common-4.1.118.Final.jar:USERSDIR/libraries/io/netty/netty-transport/4.1.118.Final/netty-transport-4.1.118.Final.jar:USERSDIR/libraries/it/unimi/dsi/fastutil/8.5.15/fastutil-8.5.15.jar:USERSDIR/libraries/net/java/dev/jna/jna-platform/5.15.0/jna-platform-5.15.0.jar:USERSDIR/libraries/net/java/dev/jna/jna/5.15.0/jna-5.15.0.jar:USERSDIR/libraries/net/minidev/accessors-smart/2.5.1/accessors-smart-2.5.1.jar:USERSDIR/libraries/net/minidev/json-smart/2.5.1/json-smart-2.5.1.jar:USERSDIR/libraries/net/sf/jopt-simple/jopt-simple/5.0.4/jopt-simple-5.0.4.jar:USERSDIR/libraries/org/apache/commons/commons-compress/1.27.1/commons-compress-1.27.1.jar:USERSDIR/libraries/org/apache/commons/commons-lang3/3.17.0/commons-lang3-3.17.0.jar:USERSDIR/libraries/org/apache/httpcomponents/httpclient/4.5.14/httpclient-4.5.14.jar:USERSDIR/libraries/org/apache/httpcomponents/httpcore/4.4.16/httpcore-4.4.16.jar:USERSDIR/libraries/org/apache/logging/log4j/log4j-api/2.24.1/log4j-api-2.24.1.jar:USERSDIR/libraries/org/apache/logging/log4j/log4j-core/2.24.1/log4j-core-2.24.1.jar:USERSDIR/libraries/org/apache/logging/log4j/log4j-slf4j2-impl/2.24.1/log4j-slf4j2-impl-2.24.1.jar:USERSDIR/libraries/org/jcraft/jorbis/0.0.17/jorbis-0.0.17.jar:USERSDIR/libraries/org/joml/joml/1.10.8/joml-1.10.8.jar:USERSDIR/libraries/org/lwjgl/lwjgl-freetype/3.3.3/lwjgl-freetype-3.3.3.jar:USERSDIR/libraries/org/lwjgl/lwjgl-freetype/3.3.3/lwjgl-freetype-3.3.3-natives-linux.jar:USERSDIR/libraries/org/lwjgl/lwjgl-glfw/3.3.3/lwjgl-glfw-3.3.3.jar:USERSDIR/libraries/org/lwjgl/lwjgl-glfw/3.3.3/lwjgl-glfw-3.3.3-natives-linux.jar:USERSDIR/libraries/org/lwjgl/lwjgl-jemalloc/3.3.3/lwjgl-jemalloc-3.3.3.jar:USERSDIR/libraries/org/lwjgl/lwjgl-jemalloc/3.3.3/lwjgl-jemalloc-3.3.3-natives-linux.jar:USERSDIR/libraries/org/lwjgl/lwjgl-openal/3.3.3/lwjgl-openal-3.3.3.jar:USERSDIR/libraries/org/lwjgl/lwjgl-openal/3.3.3/lwjgl-openal-3.3.3-natives-linux.jar:USERSDIR/libraries/org/lwjgl/lwjgl-opengl/3.3.3/lwjgl-opengl-3.3.3.jar:USERSDIR/libraries/org/lwjgl/lwjgl-opengl/3.3.3/lwjgl-opengl-3.3.3-natives-linux.jar:USERSDIR/libraries/org/lwjgl/lwjgl-stb/3.3.3/lwjgl-stb-3.3.3.jar:USERSDIR/libraries/org/lwjgl/lwjgl-stb/3.3.3/lwjgl-stb-3.3.3-natives-linux.jar:USERSDIR/libraries/org/lwjgl/lwjgl-tinyfd/3.3.3/lwjgl-tinyfd-3.3.3.jar:USERSDIR/libraries/org/lwjgl/lwjgl-tinyfd/3.3.3/lwjgl-tinyfd-3.3.3-natives-linux.jar:USERSDIR/libraries/org/lwjgl/lwjgl/3.3.3/lwjgl-3.3.3.jar:USERSDIR/libraries/org/lwjgl/lwjgl/3.3.3/lwjgl-3.3.3-natives-linux.jar:USERSDIR/libraries/org/lz4/lz4-java/1.8.0/lz4-java-1.8.0.jar:USERSDIR/libraries/org/ow2/asm/asm/9.6/asm-9.6.jar:USERSDIR/libraries/org/slf4j/slf4j-api/2.0.16/slf4j-api-2.0.16.jar:USERSDIR/libraries/net/minecraft/client/1.21.10/client-1.21.10.jar, net.minecraft.client.main.Main, --username, REDACTED, --version, 1.21.10, --gameDir, USERSDIR/instances/Minecraft12110, --assetsDir, USERSDIR/assets, --assetIndex, 27, --uuid, REDACTED, --accessToken, REDACTED, --versionType, release, --width=854, --height=480]

14:55:08.646 [ATL-Logging-Thread] ERROR - Oh no. Minecraft crashed. Please check the logs for any errors and provide these logs when asking for support.

14:55:08.646 [ATL-Logging-Thread] INFO  - Checking for updated files!

